c:\users\justin\documents\visual studio 2015\projects\riot_api_data_parser\riot_api_data_parser\debug\vc140.pdb
c:\users\justin\documents\visual studio 2015\projects\riot_api_data_parser\riot_api_data_parser\debug\vc140.idb
c:\users\justin\documents\visual studio 2015\projects\riot_api_data_parser\riot_api_data_parser\debug\yajl.obj
c:\users\justin\documents\visual studio 2015\projects\riot_api_data_parser\riot_api_data_parser\debug\main.obj
c:\users\justin\documents\visual studio 2015\projects\riot_api_data_parser\riot_api_data_parser\debug\yajl_alloc.obj
c:\users\justin\documents\visual studio 2015\projects\riot_api_data_parser\riot_api_data_parser\debug\yajl_buf.obj
c:\users\justin\documents\visual studio 2015\projects\riot_api_data_parser\riot_api_data_parser\debug\yajl_encode.obj
c:\users\justin\documents\visual studio 2015\projects\riot_api_data_parser\riot_api_data_parser\debug\yajl_gen.obj
c:\users\justin\documents\visual studio 2015\projects\riot_api_data_parser\riot_api_data_parser\debug\yajl_lex.obj
c:\users\justin\documents\visual studio 2015\projects\riot_api_data_parser\riot_api_data_parser\debug\yajl_parser.obj
c:\users\justin\documents\visual studio 2015\projects\riot_api_data_parser\riot_api_data_parser\debug\yajl_tree.obj
c:\users\justin\documents\visual studio 2015\projects\riot_api_data_parser\riot_api_data_parser\debug\json.obj
c:\users\justin\documents\visual studio 2015\projects\riot_api_data_parser\debug\riot_api_data_parser.ilk
c:\users\justin\documents\visual studio 2015\projects\riot_api_data_parser\debug\riot_api_data_parser.exe
c:\users\justin\documents\visual studio 2015\projects\riot_api_data_parser\debug\riot_api_data_parser.pdb
c:\users\justin\documents\visual studio 2015\projects\riot_api_data_parser\riot_api_data_parser\debug\riot_api.4682f38a.tlog\cl.command.1.tlog
c:\users\justin\documents\visual studio 2015\projects\riot_api_data_parser\riot_api_data_parser\debug\riot_api.4682f38a.tlog\cl.read.1.tlog
c:\users\justin\documents\visual studio 2015\projects\riot_api_data_parser\riot_api_data_parser\debug\riot_api.4682f38a.tlog\cl.write.1.tlog
c:\users\justin\documents\visual studio 2015\projects\riot_api_data_parser\riot_api_data_parser\debug\riot_api.4682f38a.tlog\link.command.1.tlog
c:\users\justin\documents\visual studio 2015\projects\riot_api_data_parser\riot_api_data_parser\debug\riot_api.4682f38a.tlog\link.read.1.tlog
c:\users\justin\documents\visual studio 2015\projects\riot_api_data_parser\riot_api_data_parser\debug\riot_api.4682f38a.tlog\link.write.1.tlog
