Build started 8/21/2015 7:29:36 PM.
     1>Project "C:\Users\Justin\documents\visual studio 2015\Projects\RIOT_API_DATA_PARSER\RIOT_API_DATA_PARSER\RIOT_API_DATA_PARSER.vcxproj" on node 2 (Build target(s)).
     1>ClCompile:
         C:\Program Files (x86)\Microsoft Visual Studio 14.0\VC\bin\CL.exe /c /I"C:\Users\Justin\Documents\Visual Studio 2015\Projects\RIOT_API_DATA_PARSER\json-builder-master" /I"C:\Users\Justin\Documents\Visual Studio 2015\Projects\RIOT_API_DATA_PARSER\json-parser-master" /I"C:\Users\Justin\Documents\Visual Studio 2015\Projects\RIOT_API_DATA_PARSER\curl-7.40.0-devel-mingw32\include" /Zi /nologo /W3 /WX- /O2 /Oi /Oy- /GL /D WIN32 /D NDEBUG /D _CONSOLE /D _UNICODE /D UNICODE /Gm- /EHsc /MD /GS /Gy /fp:precise /Zc:wchar_t /Zc:forScope /Zc:inline /Fo"Release\\" /Fd"Release\vc140.pdb" /Gd /TC /analyze- /errorReport:prompt main.c
         main.c
     1>main.c(163): warning C4113: 'void (__cdecl *)()' differs in parameter lists from 'void (__cdecl *)(void)'
     1>main.c(266): warning C4996: 'strcpy': This function or variable may be unsafe. Consider using strcpy_s instead. To disable deprecation, use _CRT_SECURE_NO_WARNINGS. See online help for details.
     1>main.c(267): warning C4996: 'strcat': This function or variable may be unsafe. Consider using strcat_s instead. To disable deprecation, use _CRT_SECURE_NO_WARNINGS. See online help for details.
     1>main.c(268): warning C4996: 'strcat': This function or variable may be unsafe. Consider using strcat_s instead. To disable deprecation, use _CRT_SECURE_NO_WARNINGS. See online help for details.
     1>main.c(362): warning C4018: '<': signed/unsigned mismatch
     1>main.c(375): warning C4018: '<': signed/unsigned mismatch
     1>main.c(400): warning C4018: '<': signed/unsigned mismatch
     1>main.c(404): warning C4244: '=': conversion from '__int64' to 'int', possible loss of data
     1>main.c(410): warning C4018: '<': signed/unsigned mismatch
     1>main.c(413): warning C4018: '<': signed/unsigned mismatch
     1>main.c(419): warning C4244: '=': conversion from '__int64' to 'int', possible loss of data
     1>main.c(427): warning C4018: '<': signed/unsigned mismatch
     1>main.c(430): warning C4018: '<': signed/unsigned mismatch
     1>main.c(442): warning C4018: '<': signed/unsigned mismatch
     1>main.c(445): warning C4018: '<': signed/unsigned mismatch
     1>main.c(457): warning C4018: '<': signed/unsigned mismatch
     1>main.c(460): warning C4018: '<': signed/unsigned mismatch
     1>main.c(476): warning C4018: '<': signed/unsigned mismatch
     1>main.c(479): warning C4018: '<': signed/unsigned mismatch
     1>main.c(486): warning C4018: '<': signed/unsigned mismatch
     1>main.c(497): warning C4018: '<': signed/unsigned mismatch
     1>main.c(517): warning C4018: '<': signed/unsigned mismatch
     1>main.c(522): warning C4244: '=': conversion from '__int64' to 'int', possible loss of data
     1>main.c(527): warning C4018: '<': signed/unsigned mismatch
     1>main.c(611): warning C4018: '<': signed/unsigned mismatch
     1>main.c(613): warning C4018: '<': signed/unsigned mismatch
     1>main.c(633): warning C4018: '<': signed/unsigned mismatch
     1>main.c(168): warning C4996: 'fopen': This function or variable may be unsafe. Consider using fopen_s instead. To disable deprecation, use _CRT_SECURE_NO_WARNINGS. See online help for details.
         C:\Program Files (x86)\Windows Kits\10\Include\10.0.10150.0\ucrt\stdio.h(205): note: see declaration of 'fopen'
     1>main.c(177): warning C4996: 'fopen': This function or variable may be unsafe. Consider using fopen_s instead. To disable deprecation, use _CRT_SECURE_NO_WARNINGS. See online help for details.
         C:\Program Files (x86)\Windows Kits\10\Include\10.0.10150.0\ucrt\stdio.h(205): note: see declaration of 'fopen'
     1>main.c(190): warning C4996: 'fopen': This function or variable may be unsafe. Consider using fopen_s instead. To disable deprecation, use _CRT_SECURE_NO_WARNINGS. See online help for details.
         C:\Program Files (x86)\Windows Kits\10\Include\10.0.10150.0\ucrt\stdio.h(205): note: see declaration of 'fopen'
     1>main.c(212): warning C4996: 'fopen': This function or variable may be unsafe. Consider using fopen_s instead. To disable deprecation, use _CRT_SECURE_NO_WARNINGS. See online help for details.
         C:\Program Files (x86)\Windows Kits\10\Include\10.0.10150.0\ucrt\stdio.h(205): note: see declaration of 'fopen'
     1>main.c(262): warning C4477: 'snprintf' : format string '%d' requires an argument of type 'int', but variadic argument 1 has type '__int64'
         main.c(262): note: consider using '%lld' in the format string
         main.c(262): note: consider using '%I64d' in the format string
     1>main.c(309): warning C4996: 'freopen': This function or variable may be unsafe. Consider using freopen_s instead. To disable deprecation, use _CRT_SECURE_NO_WARNINGS. See online help for details.
         C:\Program Files (x86)\Windows Kits\10\Include\10.0.10150.0\ucrt\stdio.h(240): note: see declaration of 'freopen'
     1>main.c(336): warning C4473: 'printf' : not enough arguments passed for format string
         main.c(336): note: placeholders and their parameters expect 1 variadic arguments, but 0 were provided
         main.c(336): note: the missing variadic argument 1 is required by format string '%s'
     1>main.c(597): warning C4477: 'snprintf' : format string '%d' requires an argument of type 'int', but variadic argument 1 has type '__int64'
         main.c(597): note: consider using '%lld' in the format string
         main.c(597): note: consider using '%I64d' in the format string
     1>main.c(798): warning C4996: 'fcloseall': The POSIX name for this item is deprecated. Instead, use the ISO C and C++ conformant name: _fcloseall. See online help for details.
         C:\Program Files (x86)\Windows Kits\10\Include\10.0.10150.0\ucrt\stdio.h(2447): note: see declaration of 'fcloseall'
       Link:
         C:\Program Files (x86)\Microsoft Visual Studio 14.0\VC\bin\link.exe /ERRORREPORT:PROMPT /OUT:"C:\Users\Justin\documents\visual studio 2015\Projects\RIOT_API_DATA_PARSER\Release\RIOT_API_DATA_PARSER.exe" /INCREMENTAL:NO /NOLOGO /LIBPATH:"C:\Users\Justin\Documents\Visual Studio 2015\Projects\RIOT_API_DATA_PARSER\curl-7.40.0-devel-mingw32\lib" /LIBPATH:"C:\Users\Justin\Documents\Visual Studio 2015\Projects\RIOT_API_DATA_PARSER\curl-7.40.0-devel-mingw32\bin" libcurl.a libcurldll.a kernel32.lib user32.lib gdi32.lib winspool.lib comdlg32.lib advapi32.lib shell32.lib ole32.lib oleaut32.lib uuid.lib odbc32.lib odbccp32.lib /MANIFEST /MANIFESTUAC:"level='asInvoker' uiAccess='false'" /manifest:embed /Debug /PDB:"C:\Users\Justin\documents\visual studio 2015\Projects\RIOT_API_DATA_PARSER\Release\RIOT_API_DATA_PARSER.pdb" /SUBSYSTEM:CONSOLE /OPT:REF /OPT:ICF /LTCG:incremental /TLBID:1 /DYNAMICBASE /NXCOMPAT /IMPLIB:"C:\Users\Justin\documents\visual studio 2015\Projects\RIOT_API_DATA_PARSER\Release\RIOT_API_DATA_PARSER.lib" /MACHINE:X86 /SAFESEH "Release\json-builder.obj"
         Release\json.obj
         Release\main.obj
         Generating code
         Finished generating code
         1 of 36 functions ( 2.8%) were compiled, the rest were copied from previous compilation.
           0 functions were new in current compilation
           0 functions had inline decision re-evaluated but remain unchanged
         RIOT_API_DATA_PARSER.vcxproj -> C:\Users\Justin\documents\visual studio 2015\Projects\RIOT_API_DATA_PARSER\Release\RIOT_API_DATA_PARSER.exe
     1>Done Building Project "C:\Users\Justin\documents\visual studio 2015\Projects\RIOT_API_DATA_PARSER\RIOT_API_DATA_PARSER\RIOT_API_DATA_PARSER.vcxproj" (Build target(s)).

Build succeeded.

Time Elapsed 00:00:02.33
